{"uid":"f42c42adb6b1a3c2","name":"run a simple test 1","fullName":"showing off behave: run a simple test 1","historyId":"71473f4f74b605091f7f0af14279eacc","time":{"start":1695733012072,"stop":1695733012077,"duration":5},"status":"failed","statusMessage":"AssertionError\n","statusTrace":"  File \"/opt/hostedtoolcache/Python/3.11.5/x64/lib/python3.11/site-packages/behave/model.py\", line 1329, in run\n    match.run(runner.context)\n  File \"/opt/hostedtoolcache/Python/3.11.5/x64/lib/python3.11/site-packages/behave/matchers.py\", line 98, in run\n    self.func(context, *args, **kwargs)\n  File \"features/steps/sample.py\", line 35, in step_impl\n    assert True is False\n           ^^^^^^^^^^^^^\n","flaky":false,"newFailed":false,"newBroken":false,"newPassed":false,"retriesCount":0,"retriesStatusChange":false,"beforeStages":[],"testStage":{"status":"failed","statusMessage":"AssertionError\n","statusTrace":"  File \"/opt/hostedtoolcache/Python/3.11.5/x64/lib/python3.11/site-packages/behave/model.py\", line 1329, in run\n    match.run(runner.context)\n  File \"/opt/hostedtoolcache/Python/3.11.5/x64/lib/python3.11/site-packages/behave/matchers.py\", line 98, in run\n    self.func(context, *args, **kwargs)\n  File \"features/steps/sample.py\", line 35, in step_impl\n    assert True is False\n           ^^^^^^^^^^^^^\n","steps":[{"name":"Given we have behave installed","time":{"start":1695733012074,"stop":1695733012075,"duration":1},"status":"passed","steps":[],"attachments":[],"parameters":[],"shouldDisplayMessage":false,"stepsCount":0,"attachmentsCount":0,"hasContent":false},{"name":"When we implement a test","time":{"start":1695733012075,"stop":1695733012075,"duration":0},"status":"passed","steps":[],"attachments":[],"parameters":[],"shouldDisplayMessage":false,"stepsCount":0,"attachmentsCount":0,"hasContent":false},{"name":"And we implement a fail test","time":{"start":1695733012075,"stop":1695733012076,"duration":1},"status":"failed","statusMessage":"AssertionError\n","statusTrace":"  File \"/opt/hostedtoolcache/Python/3.11.5/x64/lib/python3.11/site-packages/behave/model.py\", line 1329, in run\n    match.run(runner.context)\n  File \"/opt/hostedtoolcache/Python/3.11.5/x64/lib/python3.11/site-packages/behave/matchers.py\", line 98, in run\n    self.func(context, *args, **kwargs)\n  File \"features/steps/sample.py\", line 35, in step_impl\n    assert True is False\n           ^^^^^^^^^^^^^\n","steps":[],"attachments":[],"parameters":[],"shouldDisplayMessage":true,"stepsCount":0,"attachmentsCount":0,"hasContent":true},{"name":"Then behave will test it for us!","time":{"start":1695733012076,"stop":1695733012077,"duration":1},"status":"skipped","steps":[],"attachments":[],"parameters":[],"shouldDisplayMessage":false,"stepsCount":0,"attachmentsCount":0,"hasContent":false}],"attachments":[],"parameters":[],"shouldDisplayMessage":false,"stepsCount":4,"attachmentsCount":0,"hasContent":true},"afterStages":[],"labels":[{"name":"severity","value":"normal"},{"name":"feature","value":"showing off behave"},{"name":"framework","value":"behave"},{"name":"language","value":"cpython3"},{"name":"resultFormat","value":"allure2"}],"parameters":[],"links":[],"hidden":false,"retry":false,"extra":{"severity":"normal","retries":[],"categories":[{"name":"Product defects","matchedStatuses":[],"flaky":false}],"history":{"statistic":{"failed":2,"broken":0,"skipped":0,"passed":0,"unknown":0,"total":2},"items":[{"uid":"daec7dad31f3ff55","reportUrl":"https://p-mostovoi.github.io/smoke_ailly_behave/12//#testresult/daec7dad31f3ff55","status":"failed","statusDetails":"AssertionError\n","time":{"start":1695726640443,"stop":1695726640445,"duration":2}}]},"tags":[]},"source":"f42c42adb6b1a3c2.json","parameterValues":[]}