{"uid":"9f4b08da07739cec","name":"run a simple test 1","fullName":"showing off behave new: run a simple test 1","historyId":"8df58244f004b376ca04ee82cd3081f6","time":{"start":1696836087936,"stop":1696836087939,"duration":3},"status":"failed","statusMessage":"AssertionError\n","statusTrace":"  File \"/opt/hostedtoolcache/Python/3.11.5/x64/lib/python3.11/site-packages/behave/model.py\", line 1329, in run\n    match.run(runner.context)\n  File \"/opt/hostedtoolcache/Python/3.11.5/x64/lib/python3.11/site-packages/behave/matchers.py\", line 98, in run\n    self.func(context, *args, **kwargs)\n  File \"features/steps/sample.py\", line 27, in step_impl\n    assert context.failed is False\n           ^^^^^^^^^^^^^^^^^^^^^^^\n","flaky":false,"newFailed":false,"newBroken":false,"newPassed":false,"retriesCount":0,"retriesStatusChange":false,"beforeStages":[],"testStage":{"status":"failed","statusMessage":"AssertionError\n","statusTrace":"  File \"/opt/hostedtoolcache/Python/3.11.5/x64/lib/python3.11/site-packages/behave/model.py\", line 1329, in run\n    match.run(runner.context)\n  File \"/opt/hostedtoolcache/Python/3.11.5/x64/lib/python3.11/site-packages/behave/matchers.py\", line 98, in run\n    self.func(context, *args, **kwargs)\n  File \"features/steps/sample.py\", line 27, in step_impl\n    assert context.failed is False\n           ^^^^^^^^^^^^^^^^^^^^^^^\n","steps":[{"name":"Given we have behave installed","time":{"start":1696836087937,"stop":1696836087937,"duration":0},"status":"passed","steps":[],"attachments":[],"parameters":[],"shouldDisplayMessage":false,"stepsCount":0,"attachmentsCount":0,"hasContent":false},{"name":"When we implement a test","time":{"start":1696836087937,"stop":1696836087937,"duration":0},"status":"passed","steps":[],"attachments":[],"parameters":[],"shouldDisplayMessage":false,"stepsCount":0,"attachmentsCount":0,"hasContent":false},{"name":"And we implement a test","time":{"start":1696836087937,"stop":1696836087937,"duration":0},"status":"passed","steps":[],"attachments":[],"parameters":[],"shouldDisplayMessage":false,"stepsCount":0,"attachmentsCount":0,"hasContent":false},{"name":"Then behave will test it for us!","time":{"start":1696836087937,"stop":1696836087938,"duration":1},"status":"failed","statusMessage":"AssertionError\n","statusTrace":"  File \"/opt/hostedtoolcache/Python/3.11.5/x64/lib/python3.11/site-packages/behave/model.py\", line 1329, in run\n    match.run(runner.context)\n  File \"/opt/hostedtoolcache/Python/3.11.5/x64/lib/python3.11/site-packages/behave/matchers.py\", line 98, in run\n    self.func(context, *args, **kwargs)\n  File \"features/steps/sample.py\", line 27, in step_impl\n    assert context.failed is False\n           ^^^^^^^^^^^^^^^^^^^^^^^\n","steps":[],"attachments":[],"parameters":[],"shouldDisplayMessage":true,"stepsCount":0,"attachmentsCount":0,"hasContent":true}],"attachments":[],"parameters":[],"shouldDisplayMessage":false,"stepsCount":4,"attachmentsCount":0,"hasContent":true},"afterStages":[],"labels":[{"name":"severity","value":"normal"},{"name":"feature","value":"showing off behave new"},{"name":"framework","value":"behave"},{"name":"language","value":"cpython3"},{"name":"resultFormat","value":"allure2"}],"parameters":[],"links":[],"hidden":false,"retry":false,"extra":{"severity":"normal","retries":[],"categories":[{"name":"Product defects","matchedStatuses":[],"flaky":false}],"history":{"statistic":{"failed":4,"broken":0,"skipped":0,"passed":0,"unknown":0,"total":4},"items":[{"uid":"641f4d978a7bda2b","reportUrl":"https://p-mostovoi.github.io/smoke_ailly_behave/1//#testresult/641f4d978a7bda2b","status":"failed","statusDetails":"AssertionError\n","time":{"start":1696836076232,"stop":1696836076234,"duration":2}},{"uid":"a9f4fe681df08d4c","reportUrl":"https://p-mostovoi.github.io/smoke_ailly_behave/35//#testresult/a9f4fe681df08d4c","status":"failed","statusDetails":"AssertionError\n","time":{"start":1696835336925,"stop":1696835336926,"duration":1}},{"uid":"6ab60a971525bb39","reportUrl":"https://p-mostovoi.github.io/smoke_ailly_behave/34//#testresult/6ab60a971525bb39","status":"failed","statusDetails":"AssertionError\n","time":{"start":1696527185600,"stop":1696527185602,"duration":2}}]},"tags":[]},"source":"9f4b08da07739cec.json","parameterValues":[]}